Base path: C:/Program Files (x86)/Unity/Editor/Data
Pipe name: \\.\pipe\UnityShaderCompiler-1-8436
Cmd: getPlatforms
Cmd: preprocess
  insize=9195 outsize=2329 ok=1
Cmd: preprocess
  insize=11276 outsize=718 ok=1
Cmd: preprocess
  insize=1209 outsize=459 ok=1
Cmd: preprocess
  insize=8652 outsize=774 ok=1
Cmd: preprocess
  insize=1685 outsize=352 ok=1
Cmd: preprocess
  insize=919 outsize=353 ok=1
Cmd: preprocess
  insize=1006 outsize=316 ok=1
Cmd: preprocess
  insize=1989 outsize=486 ok=1
Cmd: preprocess
  insize=1291 outsize=412 ok=1
Cmd: preprocess
  insize=3562 outsize=712 ok=1
Cmd: preprocess
  insize=1183 outsize=296 ok=1
Cmd: preprocess
  insize=1235 outsize=409 ok=1
Cmd: preprocess
  error: 2 plat 12 at (57): Can't find include file frag_ao.cginc
  error: 2 plat 12 at (60): Can't find include file frag_ao.cginc
  error: 2 plat 12 at (63): Can't find include file frag_ao.cginc
  error: 2 plat 12 at (66): Can't find include file frag_ao.cginc
  error: 2 plat 12 at (70): Can't find include file frag_ao.cginc
  error: 2 plat 12 at (141): Can't find include file frag_ao.cginc
  error: 2 plat 12 at (144): Can't find include file frag_ao.cginc
  error: 2 plat 12 at (147): Can't find include file frag_ao.cginc
  error: 2 plat 12 at (150): Can't find include file frag_ao.cginc
  error: 2 plat 12 at (154): Can't find include file frag_ao.cginc
  error: 2 plat 12 at (231): Can't find include file frag_ao.cginc
  error: 2 plat 12 at (234): Can't find include file frag_ao.cginc
  error: 2 plat 12 at (237): Can't find include file frag_ao.cginc
  error: 2 plat 12 at (240): Can't find include file frag_ao.cginc
  error: 2 plat 12 at (244): Can't find include file frag_ao.cginc
  error: 2 plat 12 at (332): Can't find include file frag_ao.cginc
  error: 2 plat 12 at (335): Can't find include file frag_ao.cginc
  error: 2 plat 12 at (338): Can't find include file frag_ao.cginc
  error: 2 plat 12 at (341): Can't find include file frag_ao.cginc
  error: 2 plat 12 at (345): Can't find include file frag_ao.cginc
  error: 2 plat 12 at (460): Can't find include file frag_ao.cginc
  error: 2 plat 12 at (463): Can't find include file frag_ao.cginc
  error: 2 plat 12 at (466): Can't find include file frag_ao.cginc
  error: 2 plat 12 at (469): Can't find include file frag_ao.cginc
  error: 2 plat 12 at (473): Can't find include file frag_ao.cginc
  insize=6551 outsize=797 ok=0
Cmd: preprocess
  insize=1173 outsize=314 ok=1
Cmd: preprocess
  insize=2636 outsize=774 ok=1
Cmd: preprocess
  insize=968 outsize=305 ok=1
Cmd: preprocess
  insize=1377 outsize=384 ok=1
Cmd: preprocess
  insize=1420 outsize=347 ok=1
Cmd: preprocess
  insize=1709 outsize=728 ok=1
Cmd: preprocess
  insize=1403 outsize=346 ok=1
Cmd: preprocess
  insize=1268 outsize=329 ok=1
Cmd: preprocess
  insize=2306 outsize=644 ok=1
Cmd: preprocess
  insize=965 outsize=271 ok=1
Cmd: preprocess
  insize=790 outsize=320 ok=1
Cmd: preprocess
  insize=32636 outsize=273 ok=1
Cmd: preprocess
  insize=1216 outsize=260 ok=1
Cmd: preprocess
  insize=3601 outsize=705 ok=1
Cmd: preprocess
  insize=1000 outsize=249 ok=1
Cmd: preprocess
  insize=5357 outsize=1803 ok=1
Cmd: preprocess
  insize=967 outsize=1491 ok=1
Cmd: preprocess
  insize=11420 outsize=1922 ok=1
Cmd: preprocess
  insize=1038 outsize=358 ok=1
Cmd: preprocess
  insize=6289 outsize=753 ok=1
Cmd: preprocess
  insize=2832 outsize=783 ok=1
Cmd: preprocess
  insize=8191 outsize=1109 ok=1
Cmd: preprocess
  insize=977 outsize=438 ok=1
Cmd: preprocess
  insize=13814 outsize=2635 ok=1
Cmd: preprocess
  insize=1950 outsize=489 ok=1
Cmd: preprocess
  insize=1692 outsize=302 ok=1
Cmd: preprocess
  insize=27271 outsize=4722 ok=1
Cmd: preprocess
  insize=4106 outsize=553 ok=1
Cmd: preprocess
  insize=2274 outsize=1209 ok=1
Cmd: preprocess
  insize=1737 outsize=297 ok=1
Cmd: preprocess
  insize=1026 outsize=351 ok=1
Cmd: preprocess
  insize=1123 outsize=459 ok=1
Cmd: preprocess
  insize=738 outsize=267 ok=1
Cmd: preprocess
  insize=5837 outsize=874 ok=1
Cmd: preprocess
  insize=5846 outsize=800 ok=1
Cmd: preprocess
  insize=586 outsize=360 ok=1
Cmd: preprocess
  insize=32646 outsize=272 ok=1
Cmd: preprocess
  insize=5149 outsize=1741 ok=1
Cmd: preprocess
  insize=6801 outsize=255 ok=1
Cmd: preprocess
  insize=4528 outsize=554 ok=1
Cmd: preprocess
  insize=4925 outsize=1094 ok=1
Cmd: preprocess
  insize=5752 outsize=1270 ok=1
Cmd: preprocess
  insize=721 outsize=317 ok=1
Cmd: preprocess
  insize=554 outsize=554 ok=1
Cmd: preprocess
  insize=4076 outsize=685 ok=1
Cmd: preprocess
  insize=873 outsize=301 ok=1
Cmd: preprocess
  insize=1339 outsize=296 ok=1
Cmd: preprocess
  insize=2143 outsize=983 ok=1
Cmd: preprocess
  insize=5961 outsize=794 ok=1
Cmd: preprocess
  insize=1080 outsize=489 ok=1
Cmd: preprocess
  insize=1213 outsize=389 ok=1
Cmd: preprocess
  insize=574 outsize=259 ok=1
Cmd: preprocess
  insize=724 outsize=315 ok=1
Cmd: preprocess
  insize=1727 outsize=682 ok=1
